  [1m[35m (93.7ms)[0m  [1m[35mCREATE DATABASE "cats99_development" ENCODING = 'unicode'[0m
  ↳ bin/rails:9
  [1m[35m (47.8ms)[0m  [1m[35mCREATE DATABASE "cats99_test" ENCODING = 'unicode'[0m
  ↳ bin/rails:9
  [1m[35m (17.6ms)[0m  [1m[35mCREATE TABLE "schema_migrations" ("version" character varying NOT NULL PRIMARY KEY)[0m
  ↳ bin/rails:9
  [1m[35m (1.2ms)[0m  [1m[35mCREATE TABLE "ar_internal_metadata" ("key" character varying NOT NULL PRIMARY KEY, "value" character varying, "created_at" timestamp NOT NULL, "updated_at" timestamp NOT NULL)[0m
  ↳ bin/rails:9
  [1m[35m (0.1ms)[0m  [1m[34mSELECT pg_try_advisory_lock(7809834472913233005)[0m
  ↳ bin/rails:9
  [1m[35m (0.2ms)[0m  [1m[34mSELECT "schema_migrations"."version" FROM "schema_migrations" ORDER BY "schema_migrations"."version" ASC[0m
  ↳ bin/rails:9
Migrating to CreateCats (20220701181650)
  [1m[35m (0.1ms)[0m  [1m[35mBEGIN[0m
  ↳ bin/rails:9
  [1m[35m (1.5ms)[0m  [1m[35mCREATE TABLE "cats" ("id" bigserial primary key)[0m
  ↳ db/migrate/20220701181650_create_cats.rb:3
  [1m[36mActiveRecord::SchemaMigration Create (0.5ms)[0m  [1m[32mINSERT INTO "schema_migrations" ("version") VALUES ($1) RETURNING "version"[0m  [["version", "20220701181650"]]
  ↳ bin/rails:9
  [1m[35m (0.1ms)[0m  [1m[35mCOMMIT[0m
  ↳ bin/rails:9
  [1m[36mActiveRecord::InternalMetadata Load (0.2ms)[0m  [1m[34mSELECT  "ar_internal_metadata".* FROM "ar_internal_metadata" WHERE "ar_internal_metadata"."key" = $1 LIMIT $2[0m  [["key", "environment"], ["LIMIT", 1]]
  ↳ bin/rails:9
  [1m[35m (0.1ms)[0m  [1m[35mBEGIN[0m
  ↳ bin/rails:9
  [1m[36mActiveRecord::InternalMetadata Create (0.4ms)[0m  [1m[32mINSERT INTO "ar_internal_metadata" ("key", "value", "created_at", "updated_at") VALUES ($1, $2, $3, $4) RETURNING "key"[0m  [["key", "environment"], ["value", "development"], ["created_at", "2022-07-01 18:22:31.522191"], ["updated_at", "2022-07-01 18:22:31.522191"]]
  ↳ bin/rails:9
  [1m[35m (0.1ms)[0m  [1m[35mCOMMIT[0m
  ↳ bin/rails:9
  [1m[35m (0.1ms)[0m  [1m[34mSELECT pg_advisory_unlock(7809834472913233005)[0m
  ↳ bin/rails:9
  [1m[35m (0.1ms)[0m  [1m[34mSELECT "schema_migrations"."version" FROM "schema_migrations" ORDER BY "schema_migrations"."version" ASC[0m
  ↳ bin/rails:9
  [1m[35m (0.2ms)[0m  [1m[35mBEGIN[0m
  [1m[35m (0.2ms)[0m  [1m[31mROLLBACK[0m
  [1m[35m (0.8ms)[0m  [1m[34mSELECT "schema_migrations"."version" FROM "schema_migrations" ORDER BY "schema_migrations"."version" ASC[0m
  ↳ bin/rails:9
  [1m[35m (0.8ms)[0m  [1m[34mSELECT "schema_migrations"."version" FROM "schema_migrations" ORDER BY "schema_migrations"."version" ASC[0m
  ↳ bin/rails:9
  [1m[35m (0.2ms)[0m  [1m[34mSELECT "schema_migrations"."version" FROM "schema_migrations" ORDER BY "schema_migrations"."version" ASC[0m
  ↳ bin/rails:9
  [1m[35m (0.2ms)[0m  [1m[34mSELECT "schema_migrations"."version" FROM "schema_migrations" ORDER BY "schema_migrations"."version" ASC[0m
  ↳ bin/rails:9
  [1m[35m (0.2ms)[0m  [1m[34mSELECT pg_try_advisory_lock(7809834472913233005)[0m
  ↳ bin/rails:9
  [1m[35m (0.2ms)[0m  [1m[34mSELECT "schema_migrations"."version" FROM "schema_migrations" ORDER BY "schema_migrations"."version" ASC[0m
  ↳ bin/rails:9
Migrating to CreateCats (20220701181650)
  [1m[35m (0.1ms)[0m  [1m[35mBEGIN[0m
  ↳ bin/rails:9
  [1m[35m (2.9ms)[0m  [1m[35mDROP TABLE "cats"[0m
  ↳ bin/rails:9
  [1m[36mActiveRecord::SchemaMigration Destroy (0.4ms)[0m  [1m[31mDELETE FROM "schema_migrations" WHERE "schema_migrations"."version" = $1[0m  [["version", "20220701181650"]]
  ↳ bin/rails:9
  [1m[35m (2.7ms)[0m  [1m[35mCOMMIT[0m
  ↳ bin/rails:9
  [1m[35m (0.2ms)[0m  [1m[34mSELECT pg_advisory_unlock(7809834472913233005)[0m
  ↳ bin/rails:9
  [1m[35m (0.1ms)[0m  [1m[34mSELECT "schema_migrations"."version" FROM "schema_migrations" ORDER BY "schema_migrations"."version" ASC[0m
  ↳ bin/rails:9
  [1m[35m (0.7ms)[0m  [1m[34mSELECT "schema_migrations"."version" FROM "schema_migrations" ORDER BY "schema_migrations"."version" ASC[0m
  ↳ bin/rails:9
  [1m[35m (0.2ms)[0m  [1m[34mSELECT pg_try_advisory_lock(7809834472913233005)[0m
  ↳ bin/rails:9
  [1m[35m (0.8ms)[0m  [1m[34mSELECT "schema_migrations"."version" FROM "schema_migrations" ORDER BY "schema_migrations"."version" ASC[0m
  ↳ bin/rails:9
Migrating to CreateCats (20220701181650)
  [1m[35m (0.1ms)[0m  [1m[35mBEGIN[0m
  ↳ bin/rails:9
  [1m[35m (4.8ms)[0m  [1m[35mCREATE TABLE "cats" ("id" bigserial primary key, "birth_date" date NOT NULL, "color" character varying NOT NULL, "name" character varying NOT NULL, "sex" character varying(1) NOT NULL, "description" text NOT NULL, "created_at" timestamp NOT NULL, "updated_at" timestamp NOT NULL)[0m
  ↳ db/migrate/20220701181650_create_cats.rb:3
  [1m[36mActiveRecord::SchemaMigration Create (1.2ms)[0m  [1m[32mINSERT INTO "schema_migrations" ("version") VALUES ($1) RETURNING "version"[0m  [["version", "20220701181650"]]
  ↳ bin/rails:9
  [1m[35m (1.0ms)[0m  [1m[35mCOMMIT[0m
  ↳ bin/rails:9
  [1m[36mActiveRecord::InternalMetadata Load (0.6ms)[0m  [1m[34mSELECT  "ar_internal_metadata".* FROM "ar_internal_metadata" WHERE "ar_internal_metadata"."key" = $1 LIMIT $2[0m  [["key", "environment"], ["LIMIT", 1]]
  ↳ bin/rails:9
  [1m[35m (0.3ms)[0m  [1m[35mBEGIN[0m
  ↳ bin/rails:9
  [1m[35m (0.2ms)[0m  [1m[35mCOMMIT[0m
  ↳ bin/rails:9
  [1m[35m (0.2ms)[0m  [1m[34mSELECT pg_advisory_unlock(7809834472913233005)[0m
  ↳ bin/rails:9
  [1m[35m (0.2ms)[0m  [1m[34mSELECT "schema_migrations"."version" FROM "schema_migrations" ORDER BY "schema_migrations"."version" ASC[0m
  ↳ bin/rails:9
  [1m[35m (0.2ms)[0m  [1m[35mBEGIN[0m
  [1m[35m (0.3ms)[0m  [1m[31mROLLBACK[0m
  [1m[35m (0.1ms)[0m  [1m[35mBEGIN[0m
  [1m[36mCat Create (1.3ms)[0m  [1m[32mINSERT INTO "cats" ("birth_date", "color", "name", "sex", "description", "created_at", "updated_at") VALUES ($1, $2, $3, $4, $5, $6, $7) RETURNING "id"[0m  [["birth_date", "1999-01-08"], ["color", "black"], ["name", "Jerry"], ["sex", "M"], ["description", "Jerry is a friendly cat who loves to play with toys and eat fish."], ["created_at", "2022-07-01 18:49:33.573378"], ["updated_at", "2022-07-01 18:49:33.573378"]]
  [1m[35m (0.5ms)[0m  [1m[35mCOMMIT[0m
  [1m[35m (0.1ms)[0m  [1m[35mBEGIN[0m
  [1m[36mCat Create (0.7ms)[0m  [1m[32mINSERT INTO "cats" ("birth_date", "color", "name", "sex", "description", "created_at", "updated_at") VALUES ($1, $2, $3, $4, $5, $6, $7) RETURNING "id"[0m  [["birth_date", "2020-06-02"], ["color", "black"], ["name", "Patty"], ["sex", "F"], ["description", "Best cat ever!"], ["created_at", "2022-07-01 18:51:57.959865"], ["updated_at", "2022-07-01 18:51:57.959865"]]
  [1m[35m (0.5ms)[0m  [1m[35mCOMMIT[0m
Started GET "/" for 127.0.0.1 at 2022-07-01 15:28:49 -0400
  [1m[35m (0.9ms)[0m  [1m[34mSELECT "schema_migrations"."version" FROM "schema_migrations" ORDER BY "schema_migrations"."version" ASC[0m
  ↳ /Users/tom/.rbenv/versions/2.5.1/lib/ruby/gems/2.5.0/gems/activerecord-5.2.8/lib/active_record/log_subscriber.rb:98
Processing by Rails::WelcomeController#index as HTML
  Rendering /Users/tom/.rbenv/versions/2.5.1/lib/ruby/gems/2.5.0/gems/railties-5.2.8/lib/rails/templates/rails/welcome/index.html.erb
  Rendered /Users/tom/.rbenv/versions/2.5.1/lib/ruby/gems/2.5.0/gems/railties-5.2.8/lib/rails/templates/rails/welcome/index.html.erb (3.0ms)
Completed 200 OK in 11ms (Views: 6.7ms | ActiveRecord: 0.0ms)


Started GET "/" for 127.0.0.1 at 2022-07-01 15:28:53 -0400
Processing by Rails::WelcomeController#index as HTML
  Rendering /Users/tom/.rbenv/versions/2.5.1/lib/ruby/gems/2.5.0/gems/railties-5.2.8/lib/rails/templates/rails/welcome/index.html.erb
  Rendered /Users/tom/.rbenv/versions/2.5.1/lib/ruby/gems/2.5.0/gems/railties-5.2.8/lib/rails/templates/rails/welcome/index.html.erb (2.8ms)
Completed 200 OK in 6ms (Views: 4.3ms | ActiveRecord: 0.0ms)


Started GET "/" for ::1 at 2022-07-01 15:28:55 -0400
Processing by Rails::WelcomeController#index as HTML
  Rendering /Users/tom/.rbenv/versions/2.5.1/lib/ruby/gems/2.5.0/gems/railties-5.2.8/lib/rails/templates/rails/welcome/index.html.erb
  Rendered /Users/tom/.rbenv/versions/2.5.1/lib/ruby/gems/2.5.0/gems/railties-5.2.8/lib/rails/templates/rails/welcome/index.html.erb (2.9ms)
Completed 200 OK in 6ms (Views: 4.5ms | ActiveRecord: 0.0ms)


Started GET "/cats" for 127.0.0.1 at 2022-07-01 15:28:55 -0400
Processing by CatsController#index as HTML
Completed 500 Internal Server Error in 2ms (ActiveRecord: 0.0ms)



NameError - uninitialized constant CatsController::Cats:
  app/controllers/cats_controller.rb:5:in `index'

Started POST "/__better_errors/e02d38f55c685f2d/variables" for 127.0.0.1 at 2022-07-01 15:28:56 -0400
Started GET "/" for ::1 at 2022-07-01 15:28:58 -0400
Processing by Rails::WelcomeController#index as HTML
  Rendering /Users/tom/.rbenv/versions/2.5.1/lib/ruby/gems/2.5.0/gems/railties-5.2.8/lib/rails/templates/rails/welcome/index.html.erb
  Rendered /Users/tom/.rbenv/versions/2.5.1/lib/ruby/gems/2.5.0/gems/railties-5.2.8/lib/rails/templates/rails/welcome/index.html.erb (4.5ms)
Completed 200 OK in 14ms (Views: 9.2ms | ActiveRecord: 0.0ms)


Started GET "/cats" for 127.0.0.1 at 2022-07-01 15:29:01 -0400
Processing by CatsController#index as HTML
Completed 500 Internal Server Error in 2ms (ActiveRecord: 0.0ms)



NameError - uninitialized constant CatsController::Cats:
  app/controllers/cats_controller.rb:5:in `index'

Started POST "/__better_errors/cfd692a61ce07417/variables" for 127.0.0.1 at 2022-07-01 15:29:02 -0400
Started GET "/cats" for ::1 at 2022-07-01 15:29:05 -0400
Processing by CatsController#index as HTML
Completed 500 Internal Server Error in 5ms (ActiveRecord: 0.0ms)



NameError - uninitialized constant CatsController::Cats:
  app/controllers/cats_controller.rb:5:in `index'

Started POST "/__better_errors/2fb744fea5cde20d/variables" for ::1 at 2022-07-01 15:29:05 -0400
Started GET "/cats" for ::1 at 2022-07-01 15:31:43 -0400
Started GET "/cats" for ::1 at 2022-07-01 15:31:43 -0400
Started GET "/" for ::1 at 2022-07-01 15:32:08 -0400
  [1m[35m (0.6ms)[0m  [1m[34mSELECT "schema_migrations"."version" FROM "schema_migrations" ORDER BY "schema_migrations"."version" ASC[0m
  ↳ /Users/tom/.rbenv/versions/2.5.1/lib/ruby/gems/2.5.0/gems/activerecord-5.2.8/lib/active_record/log_subscriber.rb:98
Processing by Rails::WelcomeController#index as HTML
  Rendering /Users/tom/.rbenv/versions/2.5.1/lib/ruby/gems/2.5.0/gems/railties-5.2.8/lib/rails/templates/rails/welcome/index.html.erb
  Rendered /Users/tom/.rbenv/versions/2.5.1/lib/ruby/gems/2.5.0/gems/railties-5.2.8/lib/rails/templates/rails/welcome/index.html.erb (3.6ms)
Completed 200 OK in 11ms (Views: 7.7ms | ActiveRecord: 0.0ms)


Started GET "/cats" for ::1 at 2022-07-01 15:32:11 -0400
Processing by CatsController#index as HTML
  [1m[36mCat Load (0.6ms)[0m  [1m[34mSELECT "cats".* FROM "cats"[0m
  ↳ app/controllers/cats_controller.rb:5
Completed 200 OK in 24ms (Views: 15.1ms | ActiveRecord: 4.2ms)


Started GET "/cats" for ::1 at 2022-07-01 15:32:54 -0400
  [1m[35m (0.5ms)[0m  [1m[34mSELECT "schema_migrations"."version" FROM "schema_migrations" ORDER BY "schema_migrations"."version" ASC[0m
  ↳ /Users/tom/.rbenv/versions/2.5.1/lib/ruby/gems/2.5.0/gems/activerecord-5.2.8/lib/active_record/log_subscriber.rb:98
Processing by CatsController#index as HTML
Completed 500 Internal Server Error in 6ms (ActiveRecord: 0.0ms)



ActionView::MissingTemplate - Missing template cats/index, application/index with {:locale=>[:en], :formats=>[:html], :variants=>[], :handlers=>[:raw, :erb, :html, :builder, :ruby, :coffee, :jbuilder]}. Searched in:
  * "/Users/tom/Desktop/aa_classwork_repo/W6D5/cats99/app/views":
  app/controllers/cats_controller.rb:5:in `index'

Started POST "/__better_errors/a19b7c7ff754ed14/variables" for ::1 at 2022-07-01 15:32:55 -0400
Started GET "/cats" for ::1 at 2022-07-01 15:37:51 -0400
  [1m[35m (0.5ms)[0m  [1m[34mSELECT "schema_migrations"."version" FROM "schema_migrations" ORDER BY "schema_migrations"."version" ASC[0m
  ↳ /Users/tom/.rbenv/versions/2.5.1/lib/ruby/gems/2.5.0/gems/activerecord-5.2.8/lib/active_record/log_subscriber.rb:98
Processing by CatsController#index as HTML
  Rendering cats/index.html.erb within layouts/application
  Rendered cats/index.html.erb within layouts/application (0.8ms)
Completed 200 OK in 448ms (Views: 446.3ms | ActiveRecord: 0.0ms)


Started GET "/cats" for ::1 at 2022-07-01 15:38:46 -0400
Processing by CatsController#index as HTML
  Rendering cats/index.html.erb within layouts/application
  Rendered cats/index.html.erb within layouts/application (22.4ms)
Completed 500 Internal Server Error in 31ms (ActiveRecord: 0.0ms)



NoMethodError - undefined method `each' for nil:NilClass:
  app/views/cats/index.html.erb:5:in `_app_views_cats_index_html_erb__3268422321245703299_2551246740'
  app/controllers/cats_controller.rb:5:in `index'

Started POST "/__better_errors/102005a0f7d891f2/variables" for ::1 at 2022-07-01 15:38:47 -0400
Started GET "/cats" for ::1 at 2022-07-01 15:39:52 -0400
Processing by CatsController#index as HTML
  Rendering cats/index.html.erb within layouts/application
  Rendered cats/index.html.erb within layouts/application (10.1ms)
Completed 500 Internal Server Error in 21ms (ActiveRecord: 0.0ms)



NoMethodError - undefined method `each' for nil:NilClass:
  app/views/cats/index.html.erb:5:in `_app_views_cats_index_html_erb__3268422321245703299_2207772560'
  app/controllers/cats_controller.rb:5:in `index'

Started POST "/__better_errors/0b3604926335374a/variables" for ::1 at 2022-07-01 15:39:52 -0400
Started GET "/cats" for ::1 at 2022-07-01 15:39:53 -0400
Processing by CatsController#index as HTML
  Rendering cats/index.html.erb within layouts/application
  Rendered cats/index.html.erb within layouts/application (4.2ms)
Completed 500 Internal Server Error in 10ms (ActiveRecord: 0.0ms)



NoMethodError - undefined method `each' for nil:NilClass:
  app/views/cats/index.html.erb:5:in `_app_views_cats_index_html_erb__3268422321245703299_2197909420'
  app/controllers/cats_controller.rb:5:in `index'

Started POST "/__better_errors/073696c07ef6618e/variables" for ::1 at 2022-07-01 15:39:53 -0400
Started GET "/cats" for ::1 at 2022-07-01 15:41:55 -0400
Processing by CatsController#index as HTML
  Rendering cats/index.html.erb within layouts/application
  [1m[36mCat Load (1.1ms)[0m  [1m[34mSELECT "cats".* FROM "cats"[0m
  ↳ app/views/cats/index.html.erb:5
  Rendered cats/_cat_index_item.html.erb (0.3ms)
  Rendered cats/_cat_index_item.html.erb (0.0ms)
  Rendered cats/index.html.erb within layouts/application (20.5ms)
Completed 200 OK in 40ms (Views: 28.2ms | ActiveRecord: 8.7ms)


Started GET "/cats" for ::1 at 2022-07-01 15:43:32 -0400
  [1m[35m (0.5ms)[0m  [1m[34mSELECT "schema_migrations"."version" FROM "schema_migrations" ORDER BY "schema_migrations"."version" ASC[0m
  ↳ /Users/tom/.rbenv/versions/2.5.1/lib/ruby/gems/2.5.0/gems/activerecord-5.2.8/lib/active_record/log_subscriber.rb:98
Processing by CatsController#index as HTML
  Rendering cats/index.html.erb within layouts/application
  [1m[36mCat Load (0.6ms)[0m  [1m[34mSELECT "cats".* FROM "cats"[0m
  ↳ app/views/cats/index.html.erb:5
  Rendered cats/_cat_index_item.html.erb (0.3ms)
  Rendered cats/_cat_index_item.html.erb (0.0ms)
  Rendered cats/index.html.erb within layouts/application (13.4ms)
Completed 200 OK in 157ms (Views: 145.8ms | ActiveRecord: 3.4ms)


Started GET "/cats/1" for ::1 at 2022-07-01 15:43:40 -0400
Processing by CatsController#show as HTML
  Parameters: {"id"=>"1"}
  Rendering cats/show.html.erb within layouts/application
  Rendered cats/show.html.erb within layouts/application (0.8ms)
Completed 200 OK in 40ms (Views: 37.4ms | ActiveRecord: 0.0ms)


Started GET "/cats" for ::1 at 2022-07-01 15:43:42 -0400
Processing by CatsController#index as HTML
  Rendering cats/index.html.erb within layouts/application
  [1m[36mCat Load (0.4ms)[0m  [1m[34mSELECT "cats".* FROM "cats"[0m
  ↳ app/views/cats/index.html.erb:5
  Rendered cats/_cat_index_item.html.erb (1.0ms)
  Rendered cats/_cat_index_item.html.erb (0.2ms)
  Rendered cats/index.html.erb within layouts/application (10.6ms)
Completed 200 OK in 34ms (Views: 32.5ms | ActiveRecord: 0.4ms)


Started GET "/cats/2" for ::1 at 2022-07-01 15:43:44 -0400
Processing by CatsController#show as HTML
  Parameters: {"id"=>"2"}
  Rendering cats/show.html.erb within layouts/application
  Rendered cats/show.html.erb within layouts/application (1.0ms)
Completed 200 OK in 26ms (Views: 25.4ms | ActiveRecord: 0.0ms)


Started GET "/cats" for ::1 at 2022-07-01 15:43:46 -0400
Processing by CatsController#index as HTML
  Rendering cats/index.html.erb within layouts/application
  [1m[36mCat Load (0.3ms)[0m  [1m[34mSELECT "cats".* FROM "cats"[0m
  ↳ app/views/cats/index.html.erb:5
  Rendered cats/_cat_index_item.html.erb (0.3ms)
  Rendered cats/_cat_index_item.html.erb (0.0ms)
  Rendered cats/index.html.erb within layouts/application (3.8ms)
Completed 200 OK in 18ms (Views: 16.4ms | ActiveRecord: 0.3ms)


Started GET "/cats" for ::1 at 2022-07-01 15:43:46 -0400
Processing by CatsController#index as HTML
  Rendering cats/index.html.erb within layouts/application
  [1m[36mCat Load (0.3ms)[0m  [1m[34mSELECT "cats".* FROM "cats"[0m
  ↳ app/views/cats/index.html.erb:5
  Rendered cats/_cat_index_item.html.erb (0.4ms)
  Rendered cats/_cat_index_item.html.erb (0.0ms)
  Rendered cats/index.html.erb within layouts/application (3.7ms)
Completed 200 OK in 24ms (Views: 23.0ms | ActiveRecord: 0.3ms)


Started GET "/cats" for ::1 at 2022-07-01 15:43:46 -0400
Processing by CatsController#index as HTML
  Rendering cats/index.html.erb within layouts/application
  [1m[36mCat Load (0.6ms)[0m  [1m[34mSELECT "cats".* FROM "cats"[0m
  ↳ app/views/cats/index.html.erb:5
  Rendered cats/_cat_index_item.html.erb (0.4ms)
  Rendered cats/_cat_index_item.html.erb (0.0ms)
  Rendered cats/index.html.erb within layouts/application (5.4ms)
Completed 200 OK in 18ms (Views: 16.7ms | ActiveRecord: 0.6ms)


Started GET "/cats/1" for ::1 at 2022-07-01 15:43:48 -0400
Processing by CatsController#show as HTML
  Parameters: {"id"=>"1"}
  Rendering cats/show.html.erb within layouts/application
  Rendered cats/show.html.erb within layouts/application (1.1ms)
Completed 200 OK in 30ms (Views: 29.2ms | ActiveRecord: 0.0ms)


Started GET "/cats/1" for ::1 at 2022-07-01 15:46:08 -0400
Processing by CatsController#show as HTML
  Parameters: {"id"=>"1"}
  Rendering cats/show.html.erb within layouts/application
  Rendered cats/show.html.erb within layouts/application (215.0ms)
Completed 500 Internal Server Error in 224ms (ActiveRecord: 0.0ms)



NameError - undefined local variable or method `cat' for #<#<Class:0x00000001038fd140>:0x0000000106bfc730>
Did you mean?  catch:
  app/views/cats/show.html.erb:10:in `_app_views_cats_show_html_erb___2306303856254566858_2204085480'
  app/controllers/cats_controller.rb:10:in `show'

Started POST "/__better_errors/8e2d3db117c15a74/variables" for ::1 at 2022-07-01 15:46:08 -0400
Started GET "/cats/" for ::1 at 2022-07-01 15:49:13 -0400
Processing by CatsController#index as HTML
  Rendering cats/index.html.erb within layouts/application
  [1m[36mCat Load (0.5ms)[0m  [1m[34mSELECT "cats".* FROM "cats"[0m
  ↳ app/views/cats/index.html.erb:5
  Rendered cats/_cat_index_item.html.erb (1.0ms)
  Rendered cats/_cat_index_item.html.erb (0.0ms)
  Rendered cats/index.html.erb within layouts/application (9.9ms)
Completed 200 OK in 36ms (Views: 33.4ms | ActiveRecord: 0.5ms)


Started GET "/cats/1" for ::1 at 2022-07-01 15:49:15 -0400
Processing by CatsController#show as HTML
  Parameters: {"id"=>"1"}
  Rendering cats/show.html.erb within layouts/application
  Rendered cats/show.html.erb within layouts/application (318.0ms)
Completed 500 Internal Server Error in 327ms (ActiveRecord: 0.0ms)



NameError - undefined local variable or method `cat' for #<#<Class:0x00000001038fd140>:0x000000010fe62138>
Did you mean?  catch:
  app/views/cats/show.html.erb:10:in `_app_views_cats_show_html_erb___2306303856254566858_2280833460'
  app/controllers/cats_controller.rb:10:in `show'

Started POST "/__better_errors/5652898a1beee481/variables" for ::1 at 2022-07-01 15:49:16 -0400
Started GET "/cats/" for ::1 at 2022-07-01 15:49:21 -0400
Processing by CatsController#index as HTML
  Rendering cats/index.html.erb within layouts/application
  [1m[36mCat Load (0.4ms)[0m  [1m[34mSELECT "cats".* FROM "cats"[0m
  ↳ app/views/cats/index.html.erb:5
  Rendered cats/_cat_index_item.html.erb (0.9ms)
  Rendered cats/_cat_index_item.html.erb (0.0ms)
  Rendered cats/index.html.erb within layouts/application (8.9ms)
Completed 200 OK in 39ms (Views: 36.2ms | ActiveRecord: 0.4ms)


Started GET "/" for ::1 at 2022-07-01 15:57:03 -0400
Processing by Rails::WelcomeController#index as HTML
  Rendering /Users/tom/.rbenv/versions/2.5.1/lib/ruby/gems/2.5.0/gems/railties-5.2.8/lib/rails/templates/rails/welcome/index.html.erb
  Rendered /Users/tom/.rbenv/versions/2.5.1/lib/ruby/gems/2.5.0/gems/railties-5.2.8/lib/rails/templates/rails/welcome/index.html.erb (2.5ms)
Completed 200 OK in 6ms (Views: 4.2ms | ActiveRecord: 0.0ms)


Started GET "/cats" for ::1 at 2022-07-01 15:57:06 -0400
Processing by CatsController#index as HTML
  Rendering cats/index.html.erb within layouts/application
  [1m[36mCat Load (0.7ms)[0m  [1m[34mSELECT "cats".* FROM "cats"[0m
  ↳ app/views/cats/index.html.erb:5
  Rendered cats/_cat_index_item.html.erb (1.2ms)
  Rendered cats/_cat_index_item.html.erb (0.1ms)
  Rendered cats/index.html.erb within layouts/application (12.4ms)
Completed 200 OK in 36ms (Views: 34.4ms | ActiveRecord: 0.7ms)


Started GET "/cats" for ::1 at 2022-07-01 15:57:09 -0400
Processing by CatsController#index as HTML
  Rendering cats/index.html.erb within layouts/application
  [1m[36mCat Load (0.5ms)[0m  [1m[34mSELECT "cats".* FROM "cats"[0m
  ↳ app/views/cats/index.html.erb:5
  Rendered cats/_cat_index_item.html.erb (0.9ms)
  Rendered cats/_cat_index_item.html.erb (0.1ms)
  Rendered cats/index.html.erb within layouts/application (9.8ms)
Completed 200 OK in 33ms (Views: 31.4ms | ActiveRecord: 0.5ms)


Started GET "/cats" for ::1 at 2022-07-01 15:57:24 -0400
Processing by CatsController#index as HTML
  Rendering cats/index.html.erb within layouts/application
  [1m[36mCat Load (0.4ms)[0m  [1m[34mSELECT "cats".* FROM "cats"[0m
  ↳ app/views/cats/index.html.erb:6
  Rendered cats/_cat_index_item.html.erb (0.9ms)
  Rendered cats/_cat_index_item.html.erb (0.1ms)
  Rendered cats/index.html.erb within layouts/application (10.0ms)
Completed 200 OK in 29ms (Views: 27.2ms | ActiveRecord: 0.4ms)


Started GET "/cats" for ::1 at 2022-07-01 15:57:53 -0400
Processing by CatsController#index as HTML
  Rendering cats/index.html.erb within layouts/application
  [1m[36mCat Load (0.3ms)[0m  [1m[34mSELECT "cats".* FROM "cats"[0m
  ↳ app/views/cats/index.html.erb:6
  Rendered cats/_cat_index_item.html.erb (0.3ms)
  Rendered cats/_cat_index_item.html.erb (0.0ms)
  Rendered cats/index.html.erb within layouts/application (16.4ms)
Completed 200 OK in 33ms (Views: 22.2ms | ActiveRecord: 7.0ms)


Started GET "/cats" for ::1 at 2022-07-01 15:57:55 -0400
Processing by CatsController#index as HTML
  Rendering cats/index.html.erb within layouts/application
  [1m[36mCat Load (0.4ms)[0m  [1m[34mSELECT "cats".* FROM "cats"[0m
  ↳ app/views/cats/index.html.erb:6
  Rendered cats/_cat_index_item.html.erb (1.0ms)
  Rendered cats/_cat_index_item.html.erb (0.2ms)
  Rendered cats/index.html.erb within layouts/application (10.8ms)
Completed 200 OK in 31ms (Views: 26.3ms | ActiveRecord: 0.4ms)


Started GET "/cats" for ::1 at 2022-07-01 15:57:56 -0400
Processing by CatsController#index as HTML
  Rendering cats/index.html.erb within layouts/application
  [1m[36mCat Load (0.3ms)[0m  [1m[34mSELECT "cats".* FROM "cats"[0m
  ↳ app/views/cats/index.html.erb:6
  Rendered cats/_cat_index_item.html.erb (0.9ms)
  Rendered cats/_cat_index_item.html.erb (0.1ms)
  Rendered cats/index.html.erb within layouts/application (10.5ms)
Completed 200 OK in 31ms (Views: 27.2ms | ActiveRecord: 0.3ms)


Started GET "/cats" for ::1 at 2022-07-01 15:58:09 -0400
Processing by CatsController#index as HTML
  Rendering cats/index.html.erb within layouts/application
  [1m[36mCat Load (0.3ms)[0m  [1m[34mSELECT "cats".* FROM "cats"[0m
  ↳ app/views/cats/index.html.erb:6
  Rendered cats/_cat_index_item.html.erb (0.3ms)
  Rendered cats/_cat_index_item.html.erb (0.0ms)
  Rendered cats/index.html.erb within layouts/application (12.0ms)
Completed 200 OK in 33ms (Views: 26.8ms | ActiveRecord: 3.3ms)


Started GET "/cats" for ::1 at 2022-07-01 15:58:09 -0400
Processing by CatsController#index as HTML
  Rendering cats/index.html.erb within layouts/application
  [1m[36mCat Load (0.4ms)[0m  [1m[34mSELECT "cats".* FROM "cats"[0m
  ↳ app/views/cats/index.html.erb:6
  Rendered cats/_cat_index_item.html.erb (0.9ms)
  Rendered cats/_cat_index_item.html.erb (0.1ms)
  Rendered cats/index.html.erb within layouts/application (9.7ms)
Completed 200 OK in 28ms (Views: 24.1ms | ActiveRecord: 0.4ms)


Started GET "/cats" for ::1 at 2022-07-01 15:58:11 -0400
Processing by CatsController#index as HTML
  Rendering cats/index.html.erb within layouts/application
  [1m[36mCat Load (0.4ms)[0m  [1m[34mSELECT "cats".* FROM "cats"[0m
  ↳ app/views/cats/index.html.erb:6
  Rendered cats/_cat_index_item.html.erb (0.9ms)
  Rendered cats/_cat_index_item.html.erb (0.1ms)
  Rendered cats/index.html.erb within layouts/application (10.1ms)
Completed 200 OK in 31ms (Views: 27.4ms | ActiveRecord: 0.4ms)


Started GET "/cats" for ::1 at 2022-07-01 16:08:04 -0400
Processing by CatsController#index as HTML
  Rendering cats/index.html.erb within layouts/application
  [1m[36mCat Load (0.7ms)[0m  [1m[34mSELECT "cats".* FROM "cats"[0m
  ↳ app/views/cats/index.html.erb:6
  Rendered cats/_cat_index_item.html.erb (0.3ms)
  Rendered cats/_cat_index_item.html.erb (0.0ms)
  Rendered cats/index.html.erb within layouts/application (17.0ms)
Completed 200 OK in 35ms (Views: 23.7ms | ActiveRecord: 7.7ms)


Started GET "/cats" for ::1 at 2022-07-01 16:08:05 -0400
Processing by CatsController#index as HTML
  Rendering cats/index.html.erb within layouts/application
  [1m[36mCat Load (0.4ms)[0m  [1m[34mSELECT "cats".* FROM "cats"[0m
  ↳ app/views/cats/index.html.erb:6
  Rendered cats/_cat_index_item.html.erb (1.3ms)
  Rendered cats/_cat_index_item.html.erb (0.2ms)
  Rendered cats/index.html.erb within layouts/application (12.7ms)
Completed 200 OK in 37ms (Views: 32.0ms | ActiveRecord: 0.4ms)


Started GET "/cats" for ::1 at 2022-07-01 16:13:24 -0400
Processing by CatsController#index as HTML
  Rendering cats/index.html.erb within layouts/application
  [1m[36mCat Load (0.7ms)[0m  [1m[34mSELECT "cats".* FROM "cats"[0m
  ↳ app/views/cats/index.html.erb:6
  Rendered cats/_cat_index_item.html.erb (0.6ms)
  Rendered cats/_cat_index_item.html.erb (0.0ms)
  Rendered cats/index.html.erb within layouts/application (8.9ms)
Completed 200 OK in 35ms (Views: 28.3ms | ActiveRecord: 0.7ms)


Started GET "/cats" for ::1 at 2022-07-01 16:14:20 -0400
Processing by CatsController#index as HTML
  Rendering cats/index.html.erb within layouts/application
  [1m[36mCat Load (0.4ms)[0m  [1m[34mSELECT "cats".* FROM "cats"[0m
  ↳ app/views/cats/index.html.erb:6
  Rendered cats/_cat_index_item.html.erb (1.0ms)
  Rendered cats/_cat_index_item.html.erb (0.2ms)
  Rendered cats/index.html.erb within layouts/application (9.7ms)
Completed 200 OK in 31ms (Views: 26.3ms | ActiveRecord: 0.4ms)


Started GET "/cats" for ::1 at 2022-07-01 16:14:45 -0400
Processing by CatsController#index as HTML
  Rendering cats/index.html.erb within layouts/application
  [1m[36mCat Load (0.4ms)[0m  [1m[34mSELECT "cats".* FROM "cats"[0m
  ↳ app/views/cats/index.html.erb:6
  Rendered cats/_cat_index_item.html.erb (1.0ms)
  Rendered cats/_cat_index_item.html.erb (0.1ms)
  Rendered cats/index.html.erb within layouts/application (10.5ms)
Completed 200 OK in 30ms (Views: 26.2ms | ActiveRecord: 0.4ms)


Started GET "/cats" for ::1 at 2022-07-01 16:14:46 -0400
Processing by CatsController#index as HTML
  Rendering cats/index.html.erb within layouts/application
  [1m[36mCat Load (0.4ms)[0m  [1m[34mSELECT "cats".* FROM "cats"[0m
  ↳ app/views/cats/index.html.erb:6
  Rendered cats/_cat_index_item.html.erb (1.1ms)
  Rendered cats/_cat_index_item.html.erb (0.1ms)
  Rendered cats/index.html.erb within layouts/application (11.3ms)
Completed 200 OK in 33ms (Views: 29.0ms | ActiveRecord: 0.4ms)


Started GET "/cats" for ::1 at 2022-07-01 16:15:30 -0400
Processing by CatsController#index as HTML
  Rendering cats/index.html.erb within layouts/application
  Rendered cats/index.html.erb within layouts/application (1.0ms)
Completed 200 OK in 34ms (Views: 30.7ms | ActiveRecord: 0.0ms)


Started GET "/cats" for ::1 at 2022-07-01 16:16:10 -0400
Processing by CatsController#index as HTML
  Rendering cats/index.html.erb within layouts/application
  [1m[36mCat Load (0.3ms)[0m  [1m[34mSELECT "cats".* FROM "cats"[0m
  ↳ app/views/cats/index.html.erb:7
  Rendered cats/_cat_index_item.html.erb (0.3ms)
  Rendered cats/_cat_index_item.html.erb (0.0ms)
  Rendered cats/index.html.erb within layouts/application (3.3ms)
Completed 200 OK in 34ms (Views: 13.3ms | ActiveRecord: 0.3ms)


Started GET "/cats/1" for ::1 at 2022-07-01 16:16:12 -0400
Processing by CatsController#show as HTML
  Parameters: {"id"=>"1"}
  [1m[36mCat Load (0.5ms)[0m  [1m[34mSELECT  "cats".* FROM "cats" WHERE "cats"."id" = $1 LIMIT $2[0m  [["id", 1], ["LIMIT", 1]]
  ↳ app/controllers/cats_controller.rb:10
  Rendering cats/show.html.erb within layouts/application
  Rendered cats/show.html.erb within layouts/application (313.4ms)
Completed 500 Internal Server Error in 343ms (ActiveRecord: 0.8ms)



NameError - undefined local variable or method `cat' for #<#<Class:0x00000001050c9698>:0x0000000104360010>
Did you mean?  @cat:
  app/views/cats/show.html.erb:10:in `_app_views_cats_show_html_erb___2306303856254566858_2182805100'
  app/controllers/cats_controller.rb:11:in `show'

Started POST "/__better_errors/2965bcb8617ea54f/variables" for ::1 at 2022-07-01 16:16:12 -0400
Started GET "/cats/1" for ::1 at 2022-07-01 16:16:34 -0400
Processing by CatsController#show as HTML
  Parameters: {"id"=>"1"}
  [1m[36mCat Load (0.4ms)[0m  [1m[34mSELECT  "cats".* FROM "cats" WHERE "cats"."id" = $1 LIMIT $2[0m  [["id", 1], ["LIMIT", 1]]
  ↳ app/controllers/cats_controller.rb:10
  Rendering cats/show.html.erb within layouts/application
  Rendered cats/show.html.erb within layouts/application (317.1ms)
Completed 500 Internal Server Error in 328ms (ActiveRecord: 0.4ms)



NameError - undefined local variable or method `cat' for #<#<Class:0x00000001050c9698>:0x00000001042e4be0>
Did you mean?  @cat:
  app/views/cats/show.html.erb:10:in `_app_views_cats_show_html_erb___2306303856254566858_2182552660'
  app/controllers/cats_controller.rb:11:in `show'

Started POST "/__better_errors/11db2a0eca509403/variables" for ::1 at 2022-07-01 16:16:35 -0400
Started GET "/cats/1" for ::1 at 2022-07-01 16:18:47 -0400
Processing by CatsController#show as HTML
  Parameters: {"id"=>"1"}
  [1m[36mCat Load (0.4ms)[0m  [1m[34mSELECT  "cats".* FROM "cats" WHERE "cats"."id" = $1 LIMIT $2[0m  [["id", 1], ["LIMIT", 1]]
  ↳ app/controllers/cats_controller.rb:10
  Rendering cats/show.html.erb within layouts/application
  Rendered cats/show.html.erb within layouts/application (315.6ms)
Completed 500 Internal Server Error in 326ms (ActiveRecord: 0.4ms)



NameError - undefined local variable or method `cat' for #<#<Class:0x00000001050c9698>:0x0000000104233778>
Did you mean?  @cat:
  app/views/cats/show.html.erb:15:in `_app_views_cats_show_html_erb___2306303856254566858_2182189640'
  app/controllers/cats_controller.rb:11:in `show'

Started POST "/__better_errors/af8ea45817c341d1/variables" for ::1 at 2022-07-01 16:18:48 -0400
Started GET "/cats/1" for ::1 at 2022-07-01 16:19:05 -0400
Processing by CatsController#show as HTML
  Parameters: {"id"=>"1"}
  [1m[36mCat Load (0.4ms)[0m  [1m[34mSELECT  "cats".* FROM "cats" WHERE "cats"."id" = $1 LIMIT $2[0m  [["id", 1], ["LIMIT", 1]]
  ↳ app/controllers/cats_controller.rb:10
  Rendering cats/show.html.erb within layouts/application
  Rendered cats/show.html.erb within layouts/application (1.3ms)
Completed 200 OK in 30ms (Views: 26.0ms | ActiveRecord: 0.4ms)


Started GET "/cats/1" for ::1 at 2022-07-01 16:20:35 -0400
Processing by CatsController#show as HTML
  Parameters: {"id"=>"1"}
  [1m[36mCat Load (0.4ms)[0m  [1m[34mSELECT  "cats".* FROM "cats" WHERE "cats"."id" = $1 LIMIT $2[0m  [["id", 1], ["LIMIT", 1]]
  ↳ app/controllers/cats_controller.rb:10
  Rendering cats/show.html.erb within layouts/application
  Rendered cats/show.html.erb within layouts/application (1.2ms)
Completed 200 OK in 30ms (Views: 27.2ms | ActiveRecord: 0.4ms)


Started GET "/cats/1" for ::1 at 2022-07-01 16:21:16 -0400
Processing by CatsController#show as HTML
  Parameters: {"id"=>"1"}
  [1m[36mCat Load (0.4ms)[0m  [1m[34mSELECT  "cats".* FROM "cats" WHERE "cats"."id" = $1 LIMIT $2[0m  [["id", 1], ["LIMIT", 1]]
  ↳ app/controllers/cats_controller.rb:10
  Rendering cats/show.html.erb within layouts/application
  Rendered cats/show.html.erb within layouts/application (7.1ms)
Completed 500 Internal Server Error in 18ms (ActiveRecord: 0.4ms)



ArgumentError - :birth_date can't be converted to a Time value:
  app/models/cat.rb:17:in `age'
  app/views/cats/show.html.erb:15:in `_app_views_cats_show_html_erb___2306303856254566858_2415244240'
  app/controllers/cats_controller.rb:11:in `show'

Started POST "/__better_errors/e5c9e84eb5afbeba/variables" for ::1 at 2022-07-01 16:21:16 -0400
Started GET "/cats/1" for ::1 at 2022-07-01 16:23:24 -0400
Processing by CatsController#show as HTML
  Parameters: {"id"=>"1"}
  [1m[36mCat Load (0.1ms)[0m  [1m[34mSELECT  "cats".* FROM "cats" WHERE "cats"."id" = $1 LIMIT $2[0m  [["id", 1], ["LIMIT", 1]]
  ↳ app/controllers/cats_controller.rb:10
  Rendering cats/show.html.erb within layouts/application
  Rendered cats/show.html.erb within layouts/application (0.5ms)
Completed 200 OK in 33ms (Views: 17.1ms | ActiveRecord: 6.2ms)


Started GET "/cats/" for ::1 at 2022-07-01 16:23:27 -0400
Processing by CatsController#index as HTML
  Rendering cats/index.html.erb within layouts/application
  [1m[36mCat Load (0.5ms)[0m  [1m[34mSELECT "cats".* FROM "cats"[0m
  ↳ app/views/cats/index.html.erb:7
  Rendered cats/_cat_index_item.html.erb (1.2ms)
  Rendered cats/_cat_index_item.html.erb (0.2ms)
  Rendered cats/index.html.erb within layouts/application (13.0ms)
Completed 200 OK in 33ms (Views: 32.0ms | ActiveRecord: 0.5ms)


Started GET "/cats/" for ::1 at 2022-07-01 16:24:28 -0400
Processing by CatsController#index as HTML
  Rendering cats/index.html.erb within layouts/application
  [1m[36mCat Load (0.5ms)[0m  [1m[34mSELECT "cats".* FROM "cats"[0m
  ↳ app/views/cats/index.html.erb:7
  Rendered cats/_cat_index_item.html.erb (1.1ms)
  Rendered cats/_cat_index_item.html.erb (0.1ms)
  Rendered cats/index.html.erb within layouts/application (9.8ms)
Completed 200 OK in 31ms (Views: 29.0ms | ActiveRecord: 0.5ms)


Started GET "/cats/" for ::1 at 2022-07-01 16:24:29 -0400
Processing by CatsController#index as HTML
  Rendering cats/index.html.erb within layouts/application
  [1m[36mCat Load (0.3ms)[0m  [1m[34mSELECT "cats".* FROM "cats"[0m
  ↳ app/views/cats/index.html.erb:7
  Rendered cats/_cat_index_item.html.erb (0.4ms)
  Rendered cats/_cat_index_item.html.erb (0.0ms)
  Rendered cats/index.html.erb within layouts/application (4.1ms)
Completed 200 OK in 17ms (Views: 16.1ms | ActiveRecord: 0.3ms)


Started GET "/cats/" for ::1 at 2022-07-01 16:24:30 -0400
Processing by CatsController#index as HTML
  Rendering cats/index.html.erb within layouts/application
  [1m[36mCat Load (0.4ms)[0m  [1m[34mSELECT "cats".* FROM "cats"[0m
  ↳ app/views/cats/index.html.erb:7
  Rendered cats/_cat_index_item.html.erb (1.1ms)
  Rendered cats/_cat_index_item.html.erb (0.2ms)
  Rendered cats/index.html.erb within layouts/application (11.2ms)
Completed 200 OK in 35ms (Views: 33.9ms | ActiveRecord: 0.4ms)


Started GET "/cats/" for ::1 at 2022-07-01 16:24:39 -0400
Processing by CatsController#index as HTML
  Rendering cats/index.html.erb within layouts/application
  [1m[36mCat Load (0.5ms)[0m  [1m[34mSELECT "cats".* FROM "cats"[0m
  ↳ app/views/cats/index.html.erb:7
  Rendered cats/_cat_index_item.html.erb (1.0ms)
  Rendered cats/_cat_index_item.html.erb (0.1ms)
  Rendered cats/index.html.erb within layouts/application (10.7ms)
Completed 200 OK in 29ms (Views: 27.7ms | ActiveRecord: 0.5ms)


Started GET "/cats/" for ::1 at 2022-07-01 16:24:41 -0400
Processing by CatsController#index as HTML
  Rendering cats/index.html.erb within layouts/application
  [1m[36mCat Load (0.3ms)[0m  [1m[34mSELECT "cats".* FROM "cats"[0m
  ↳ app/views/cats/index.html.erb:7
  Rendered cats/_cat_index_item.html.erb (0.4ms)
  Rendered cats/_cat_index_item.html.erb (0.0ms)
  Rendered cats/index.html.erb within layouts/application (4.0ms)
Completed 200 OK in 17ms (Views: 16.7ms | ActiveRecord: 0.3ms)


Started GET "/cats/2" for ::1 at 2022-07-01 16:24:43 -0400
Processing by CatsController#show as HTML
  Parameters: {"id"=>"2"}
  [1m[36mCat Load (0.3ms)[0m  [1m[34mSELECT  "cats".* FROM "cats" WHERE "cats"."id" = $1 LIMIT $2[0m  [["id", 2], ["LIMIT", 1]]
  ↳ app/controllers/cats_controller.rb:10
  Rendering cats/show.html.erb within layouts/application
  Rendered cats/show.html.erb within layouts/application (1.4ms)
Completed 200 OK in 26ms (Views: 22.7ms | ActiveRecord: 0.3ms)


Started GET "/cats/users_url" for ::1 at 2022-07-01 16:24:45 -0400
Processing by CatsController#show as HTML
  Parameters: {"id"=>"users_url"}
  [1m[36mCat Load (0.3ms)[0m  [1m[34mSELECT  "cats".* FROM "cats" WHERE "cats"."id" = $1 LIMIT $2[0m  [["id", 0], ["LIMIT", 1]]
  ↳ app/controllers/cats_controller.rb:10
Completed 404 Not Found in 4ms (ActiveRecord: 0.3ms)



ActiveRecord::RecordNotFound - Couldn't find Cat with 'id'=users_url:
  app/controllers/cats_controller.rb:10:in `show'

Started POST "/__better_errors/1507c9fc5af6cd75/variables" for ::1 at 2022-07-01 16:24:45 -0400
Started GET "/cats/2" for ::1 at 2022-07-01 16:24:48 -0400
Processing by CatsController#show as HTML
  Parameters: {"id"=>"2"}
  [1m[36mCat Load (0.3ms)[0m  [1m[34mSELECT  "cats".* FROM "cats" WHERE "cats"."id" = $1 LIMIT $2[0m  [["id", 2], ["LIMIT", 1]]
  ↳ app/controllers/cats_controller.rb:10
  Rendering cats/show.html.erb within layouts/application
  Rendered cats/show.html.erb within layouts/application (1.5ms)
Completed 200 OK in 26ms (Views: 23.1ms | ActiveRecord: 0.3ms)


Started GET "/cats/2" for ::1 at 2022-07-01 16:24:48 -0400
Processing by CatsController#show as HTML
  Parameters: {"id"=>"2"}
  [1m[36mCat Load (0.3ms)[0m  [1m[34mSELECT  "cats".* FROM "cats" WHERE "cats"."id" = $1 LIMIT $2[0m  [["id", 2], ["LIMIT", 1]]
  ↳ app/controllers/cats_controller.rb:10
  Rendering cats/show.html.erb within layouts/application
  Rendered cats/show.html.erb within layouts/application (0.5ms)
Started GET "/cats/2" for ::1 at 2022-07-01 16:24:48 -0400
Completed 200 OK in 18ms (Views: 16.7ms | ActiveRecord: 0.3ms)


Processing by CatsController#show as HTML
  Parameters: {"id"=>"2"}
  [1m[36mCat Load (0.3ms)[0m  [1m[34mSELECT  "cats".* FROM "cats" WHERE "cats"."id" = $1 LIMIT $2[0m  [["id", 2], ["LIMIT", 1]]
  ↳ app/controllers/cats_controller.rb:10
  Rendering cats/show.html.erb within layouts/application
  Rendered cats/show.html.erb within layouts/application (0.5ms)
Completed 200 OK in 21ms (Views: 19.3ms | ActiveRecord: 0.4ms)


Started GET "/cats/2" for ::1 at 2022-07-01 16:24:54 -0400
Processing by CatsController#show as HTML
  Parameters: {"id"=>"2"}
  [1m[36mCat Load (0.4ms)[0m  [1m[34mSELECT  "cats".* FROM "cats" WHERE "cats"."id" = $1 LIMIT $2[0m  [["id", 2], ["LIMIT", 1]]
  ↳ app/controllers/cats_controller.rb:10
  Rendering cats/show.html.erb within layouts/application
  Rendered cats/show.html.erb within layouts/application (1.3ms)
Completed 200 OK in 30ms (Views: 27.5ms | ActiveRecord: 0.4ms)


Started GET "/cats/cats_url" for ::1 at 2022-07-01 16:24:55 -0400
Processing by CatsController#show as HTML
  Parameters: {"id"=>"cats_url"}
  [1m[36mCat Load (0.3ms)[0m  [1m[34mSELECT  "cats".* FROM "cats" WHERE "cats"."id" = $1 LIMIT $2[0m  [["id", 0], ["LIMIT", 1]]
  ↳ app/controllers/cats_controller.rb:10
Completed 404 Not Found in 5ms (ActiveRecord: 0.3ms)



ActiveRecord::RecordNotFound - Couldn't find Cat with 'id'=cats_url:
  app/controllers/cats_controller.rb:10:in `show'

Started POST "/__better_errors/7f917df865feabff/variables" for ::1 at 2022-07-01 16:24:55 -0400
Started GET "/cats/2" for ::1 at 2022-07-01 16:24:58 -0400
Processing by CatsController#show as HTML
  Parameters: {"id"=>"2"}
  [1m[36mCat Load (0.4ms)[0m  [1m[34mSELECT  "cats".* FROM "cats" WHERE "cats"."id" = $1 LIMIT $2[0m  [["id", 2], ["LIMIT", 1]]
  ↳ app/controllers/cats_controller.rb:10
  Rendering cats/show.html.erb within layouts/application
  Rendered cats/show.html.erb within layouts/application (1.8ms)
Completed 200 OK in 31ms (Views: 28.4ms | ActiveRecord: 0.4ms)


Started GET "/cats/cats_url" for ::1 at 2022-07-01 16:25:01 -0400
Processing by CatsController#show as HTML
  Parameters: {"id"=>"cats_url"}
  [1m[36mCat Load (0.4ms)[0m  [1m[34mSELECT  "cats".* FROM "cats" WHERE "cats"."id" = $1 LIMIT $2[0m  [["id", 0], ["LIMIT", 1]]
  ↳ app/controllers/cats_controller.rb:10
Completed 404 Not Found in 4ms (ActiveRecord: 0.4ms)



ActiveRecord::RecordNotFound - Couldn't find Cat with 'id'=cats_url:
  app/controllers/cats_controller.rb:10:in `show'

Started POST "/__better_errors/359d2c7d415f20be/variables" for ::1 at 2022-07-01 16:25:01 -0400
Started GET "/cats/2" for ::1 at 2022-07-01 16:25:18 -0400
Processing by CatsController#show as HTML
  Parameters: {"id"=>"2"}
  [1m[36mCat Load (0.4ms)[0m  [1m[34mSELECT  "cats".* FROM "cats" WHERE "cats"."id" = $1 LIMIT $2[0m  [["id", 2], ["LIMIT", 1]]
  ↳ app/controllers/cats_controller.rb:10
  Rendering cats/show.html.erb within layouts/application
  Rendered cats/show.html.erb within layouts/application (1.6ms)
Completed 200 OK in 30ms (Views: 27.1ms | ActiveRecord: 0.4ms)


Started GET "/cats/" for ::1 at 2022-07-01 16:25:21 -0400
Processing by CatsController#index as HTML
  Rendering cats/index.html.erb within layouts/application
  [1m[36mCat Load (0.5ms)[0m  [1m[34mSELECT "cats".* FROM "cats"[0m
  ↳ app/views/cats/index.html.erb:7
  Rendered cats/_cat_index_item.html.erb (0.9ms)
  Rendered cats/_cat_index_item.html.erb (0.1ms)
  Rendered cats/index.html.erb within layouts/application (11.5ms)
Completed 200 OK in 32ms (Views: 30.4ms | ActiveRecord: 0.5ms)


Started GET "/cats/" for ::1 at 2022-07-01 16:25:41 -0400
Processing by CatsController#index as HTML
  Rendering cats/index.html.erb within layouts/application
  [1m[36mCat Load (0.4ms)[0m  [1m[34mSELECT "cats".* FROM "cats"[0m
  ↳ app/views/cats/index.html.erb:7
  Rendered cats/_cat_index_item.html.erb (1.0ms)
  Rendered cats/_cat_index_item.html.erb (0.1ms)
  Rendered cats/index.html.erb within layouts/application (10.5ms)
Completed 200 OK in 28ms (Views: 27.1ms | ActiveRecord: 0.4ms)


Started GET "/cats/1" for ::1 at 2022-07-01 16:25:43 -0400
Processing by CatsController#show as HTML
  Parameters: {"id"=>"1"}
  [1m[36mCat Load (0.4ms)[0m  [1m[34mSELECT  "cats".* FROM "cats" WHERE "cats"."id" = $1 LIMIT $2[0m  [["id", 1], ["LIMIT", 1]]
  ↳ app/controllers/cats_controller.rb:10
  Rendering cats/show.html.erb within layouts/application
  Rendered cats/show.html.erb within layouts/application (0.5ms)
Completed 200 OK in 17ms (Views: 14.9ms | ActiveRecord: 0.4ms)


Started GET "/cats/cats_url" for ::1 at 2022-07-01 16:25:45 -0400
Processing by CatsController#show as HTML
  Parameters: {"id"=>"cats_url"}
  [1m[36mCat Load (0.3ms)[0m  [1m[34mSELECT  "cats".* FROM "cats" WHERE "cats"."id" = $1 LIMIT $2[0m  [["id", 0], ["LIMIT", 1]]
  ↳ app/controllers/cats_controller.rb:10
Completed 404 Not Found in 4ms (ActiveRecord: 0.3ms)



ActiveRecord::RecordNotFound - Couldn't find Cat with 'id'=cats_url:
  app/controllers/cats_controller.rb:10:in `show'

Started POST "/__better_errors/06b4ee65ba8fc15a/variables" for ::1 at 2022-07-01 16:25:45 -0400
Started GET "/cats/1" for ::1 at 2022-07-01 16:25:46 -0400
Processing by CatsController#show as HTML
  Parameters: {"id"=>"1"}
  [1m[36mCat Load (0.4ms)[0m  [1m[34mSELECT  "cats".* FROM "cats" WHERE "cats"."id" = $1 LIMIT $2[0m  [["id", 1], ["LIMIT", 1]]
  ↳ app/controllers/cats_controller.rb:10
  Rendering cats/show.html.erb within layouts/application
  Rendered cats/show.html.erb within layouts/application (1.3ms)
Completed 200 OK in 34ms (Views: 30.9ms | ActiveRecord: 0.4ms)


Started GET "/cats/1" for ::1 at 2022-07-01 16:25:46 -0400
Processing by CatsController#show as HTML
  Parameters: {"id"=>"1"}
  [1m[36mCat Load (0.1ms)[0m  [1m[34mSELECT  "cats".* FROM "cats" WHERE "cats"."id" = $1 LIMIT $2[0m  [["id", 1], ["LIMIT", 1]]
  ↳ app/controllers/cats_controller.rb:10
  Rendering cats/show.html.erb within layouts/application
  Rendered cats/show.html.erb within layouts/application (0.5ms)
Completed 200 OK in 13ms (Views: 12.0ms | ActiveRecord: 0.1ms)


Started GET "/cats/1" for ::1 at 2022-07-01 16:25:46 -0400
Processing by CatsController#show as HTML
  Parameters: {"id"=>"1"}
  [1m[36mCat Load (0.1ms)[0m  [1m[34mSELECT  "cats".* FROM "cats" WHERE "cats"."id" = $1 LIMIT $2[0m  [["id", 1], ["LIMIT", 1]]
  ↳ app/controllers/cats_controller.rb:10
  Rendering cats/show.html.erb within layouts/application
  Rendered cats/show.html.erb within layouts/application (0.4ms)
Completed 200 OK in 13ms (Views: 12.3ms | ActiveRecord: 0.1ms)


Started GET "/cats/1" for ::1 at 2022-07-01 16:27:29 -0400
Processing by CatsController#show as HTML
  Parameters: {"id"=>"1"}
  [1m[36mCat Load (0.3ms)[0m  [1m[34mSELECT  "cats".* FROM "cats" WHERE "cats"."id" = $1 LIMIT $2[0m  [["id", 1], ["LIMIT", 1]]
  ↳ app/controllers/cats_controller.rb:10
  Rendering cats/show.html.erb within layouts/application
  Rendered cats/show.html.erb within layouts/application (1.3ms)
Completed 200 OK in 33ms (Views: 30.4ms | ActiveRecord: 0.3ms)


Started GET "/cats/1" for ::1 at 2022-07-01 16:27:31 -0400
Processing by CatsController#show as HTML
  Parameters: {"id"=>"1"}
  [1m[36mCat Load (0.2ms)[0m  [1m[34mSELECT  "cats".* FROM "cats" WHERE "cats"."id" = $1 LIMIT $2[0m  [["id", 1], ["LIMIT", 1]]
  ↳ app/controllers/cats_controller.rb:10
  Rendering cats/show.html.erb within layouts/application
  Rendered cats/show.html.erb within layouts/application (0.5ms)
Completed 200 OK in 7ms (Views: 5.6ms | ActiveRecord: 0.2ms)


Started GET "/cats/" for ::1 at 2022-07-01 16:27:35 -0400
Processing by CatsController#index as HTML
  Rendering cats/index.html.erb within layouts/application
  [1m[36mCat Load (0.4ms)[0m  [1m[34mSELECT "cats".* FROM "cats"[0m
  ↳ app/views/cats/index.html.erb:7
  Rendered cats/_cat_index_item.html.erb (0.9ms)
  Rendered cats/_cat_index_item.html.erb (0.2ms)
  Rendered cats/index.html.erb within layouts/application (11.1ms)
Completed 200 OK in 27ms (Views: 25.3ms | ActiveRecord: 0.4ms)


Started GET "/cats/" for ::1 at 2022-07-01 16:27:40 -0400
Processing by CatsController#index as HTML
  Rendering cats/index.html.erb within layouts/application
  [1m[36mCat Load (0.4ms)[0m  [1m[34mSELECT "cats".* FROM "cats"[0m
  ↳ app/views/cats/index.html.erb:7
  Rendered cats/_cat_index_item.html.erb (0.4ms)
  Rendered cats/_cat_index_item.html.erb (0.0ms)
  Rendered cats/index.html.erb within layouts/application (4.0ms)
Completed 200 OK in 13ms (Views: 11.6ms | ActiveRecord: 0.4ms)


Started GET "/cats/1" for ::1 at 2022-07-01 16:27:55 -0400
Processing by CatsController#show as HTML
  Parameters: {"id"=>"1"}
  [1m[36mCat Load (0.4ms)[0m  [1m[34mSELECT  "cats".* FROM "cats" WHERE "cats"."id" = $1 LIMIT $2[0m  [["id", 1], ["LIMIT", 1]]
  ↳ app/controllers/cats_controller.rb:10
  Rendering cats/show.html.erb within layouts/application
  Rendered cats/show.html.erb within layouts/application (1.2ms)
Completed 200 OK in 17ms (Views: 13.6ms | ActiveRecord: 0.4ms)


Started GET "/cats/2" for ::1 at 2022-07-01 16:28:03 -0400
Processing by CatsController#show as HTML
  Parameters: {"id"=>"2"}
  [1m[36mCat Load (0.3ms)[0m  [1m[34mSELECT  "cats".* FROM "cats" WHERE "cats"."id" = $1 LIMIT $2[0m  [["id", 2], ["LIMIT", 1]]
  ↳ app/controllers/cats_controller.rb:10
  Rendering cats/show.html.erb within layouts/application
  Rendered cats/show.html.erb within layouts/application (1.4ms)
Completed 200 OK in 18ms (Views: 15.6ms | ActiveRecord: 0.3ms)


Started GET "/cats/cats_url" for ::1 at 2022-07-01 16:28:04 -0400
Processing by CatsController#show as HTML
  Parameters: {"id"=>"cats_url"}
  [1m[36mCat Load (0.3ms)[0m  [1m[34mSELECT  "cats".* FROM "cats" WHERE "cats"."id" = $1 LIMIT $2[0m  [["id", 0], ["LIMIT", 1]]
  ↳ app/controllers/cats_controller.rb:10
Completed 404 Not Found in 4ms (ActiveRecord: 0.3ms)



ActiveRecord::RecordNotFound - Couldn't find Cat with 'id'=cats_url:
  app/controllers/cats_controller.rb:10:in `show'

Started POST "/__better_errors/d85f3a1ac27fa4c4/variables" for ::1 at 2022-07-01 16:28:04 -0400
Started GET "/cats/2" for ::1 at 2022-07-01 16:28:31 -0400
Processing by CatsController#show as HTML
  Parameters: {"id"=>"2"}
  [1m[36mCat Load (0.2ms)[0m  [1m[34mSELECT  "cats".* FROM "cats" WHERE "cats"."id" = $1 LIMIT $2[0m  [["id", 2], ["LIMIT", 1]]
  ↳ app/controllers/cats_controller.rb:10
  Rendering cats/show.html.erb within layouts/application
  Rendered cats/show.html.erb within layouts/application (1.3ms)
Completed 200 OK in 19ms (Views: 16.1ms | ActiveRecord: 0.2ms)


Started GET "/cats/" for ::1 at 2022-07-01 16:28:32 -0400
Processing by CatsController#index as HTML
  Rendering cats/index.html.erb within layouts/application
  [1m[36mCat Load (0.2ms)[0m  [1m[34mSELECT "cats".* FROM "cats"[0m
  ↳ app/views/cats/index.html.erb:7
  Rendered cats/_cat_index_item.html.erb (0.3ms)
  Rendered cats/_cat_index_item.html.erb (0.0ms)
  Rendered cats/index.html.erb within layouts/application (3.9ms)
Completed 200 OK in 9ms (Views: 8.8ms | ActiveRecord: 0.2ms)


Started GET "/cats/1" for ::1 at 2022-07-01 16:28:35 -0400
Processing by CatsController#show as HTML
  Parameters: {"id"=>"1"}
  [1m[36mCat Load (0.3ms)[0m  [1m[34mSELECT  "cats".* FROM "cats" WHERE "cats"."id" = $1 LIMIT $2[0m  [["id", 1], ["LIMIT", 1]]
  ↳ app/controllers/cats_controller.rb:10
  Rendering cats/show.html.erb within layouts/application
  Rendered cats/show.html.erb within layouts/application (1.6ms)
Completed 200 OK in 20ms (Views: 17.3ms | ActiveRecord: 0.3ms)


Started GET "/cats/" for ::1 at 2022-07-01 16:28:37 -0400
Processing by CatsController#index as HTML
  Rendering cats/index.html.erb within layouts/application
  [1m[36mCat Load (0.3ms)[0m  [1m[34mSELECT "cats".* FROM "cats"[0m
  ↳ app/views/cats/index.html.erb:7
  Rendered cats/_cat_index_item.html.erb (1.3ms)
  Rendered cats/_cat_index_item.html.erb (0.1ms)
  Rendered cats/index.html.erb within layouts/application (11.0ms)
Completed 200 OK in 26ms (Views: 24.9ms | ActiveRecord: 0.3ms)


Started GET "/cats/" for ::1 at 2022-07-01 16:29:28 -0400
Processing by CatsController#index as HTML
  Rendering cats/index.html.erb within layouts/application
  Rendered cats/index.html.erb within layouts/application (0.8ms)
Completed 200 OK in 20ms (Views: 18.6ms | ActiveRecord: 0.0ms)


Started GET "/cats/" for ::1 at 2022-07-01 16:29:30 -0400
Processing by CatsController#index as HTML
  Rendering cats/index.html.erb within layouts/application
  Rendered cats/index.html.erb within layouts/application (0.7ms)
Completed 200 OK in 17ms (Views: 15.5ms | ActiveRecord: 0.0ms)


Started GET "/cats/" for ::1 at 2022-07-01 16:29:32 -0400
Processing by CatsController#index as HTML
  Rendering cats/index.html.erb within layouts/application
  Rendered cats/index.html.erb within layouts/application (0.4ms)
Completed 200 OK in 8ms (Views: 7.6ms | ActiveRecord: 0.0ms)


Started GET "/cats/" for ::1 at 2022-07-01 16:29:51 -0400
Processing by CatsController#index as HTML
  Rendering cats/index.html.erb within layouts/application
  Rendered cats/index.html.erb within layouts/application (0.3ms)
Completed 200 OK in 16ms (Views: 15.1ms | ActiveRecord: 0.0ms)


Started GET "/cats/" for ::1 at 2022-07-01 16:29:52 -0400
Processing by CatsController#index as HTML
  Rendering cats/index.html.erb within layouts/application
  Rendered cats/index.html.erb within layouts/application (0.8ms)
Completed 200 OK in 18ms (Views: 16.6ms | ActiveRecord: 0.0ms)


Started GET "/cats/" for ::1 at 2022-07-01 16:30:18 -0400
Processing by CatsController#index as HTML
  Rendering cats/index.html.erb within layouts/application
  [1m[36mCat Load (0.3ms)[0m  [1m[34mSELECT "cats".* FROM "cats"[0m
  ↳ app/views/cats/index.html.erb:5
  Rendered cats/_cat_index_item.html.erb (1.0ms)
  Rendered cats/_cat_index_item.html.erb (0.1ms)
  Rendered cats/index.html.erb within layouts/application (11.0ms)
Completed 200 OK in 23ms (Views: 21.7ms | ActiveRecord: 0.3ms)


Started GET "/cats/" for ::1 at 2022-07-01 16:30:32 -0400
Processing by CatsController#index as HTML
  Rendering cats/index.html.erb within layouts/application
  [1m[36mCat Load (0.4ms)[0m  [1m[34mSELECT "cats".* FROM "cats"[0m
  ↳ app/views/cats/index.html.erb:5
  Rendered cats/index.html.erb within layouts/application (3.9ms)
Completed 200 OK in 21ms (Views: 19.8ms | ActiveRecord: 0.4ms)


Started GET "/cats/" for ::1 at 2022-07-01 16:31:25 -0400
Processing by CatsController#index as HTML
  Rendering cats/index.html.erb within layouts/application
  [1m[36mCat Load (0.2ms)[0m  [1m[34mSELECT "cats".* FROM "cats"[0m
  ↳ app/views/cats/index.html.erb:5
  Rendered cats/index.html.erb within layouts/application (14.8ms)
Completed 200 OK in 23ms (Views: 13.4ms | ActiveRecord: 7.0ms)


Started GET "/cats/" for ::1 at 2022-07-01 16:31:26 -0400
Processing by CatsController#index as HTML
  Rendering cats/index.html.erb within layouts/application
  [1m[36mCat Load (0.3ms)[0m  [1m[34mSELECT "cats".* FROM "cats"[0m
  ↳ app/views/cats/index.html.erb:5
  Rendered cats/index.html.erb within layouts/application (1.7ms)
Completed 200 OK in 9ms (Views: 7.3ms | ActiveRecord: 0.3ms)


Started GET "/cats/" for ::1 at 2022-07-01 16:32:27 -0400
Processing by CatsController#index as HTML
  Rendering cats/index.html.erb within layouts/application
  [1m[36mCat Load (0.3ms)[0m  [1m[34mSELECT "cats".* FROM "cats"[0m
  ↳ app/views/cats/index.html.erb:5
  Rendered cats/_cat_index_item.html.erb (0.4ms)
  Rendered cats/_cat_index_item.html.erb (0.0ms)
  Rendered cats/index.html.erb within layouts/application (12.3ms)
Completed 200 OK in 20ms (Views: 14.9ms | ActiveRecord: 3.2ms)


Started GET "/cats/1" for ::1 at 2022-07-01 16:32:42 -0400
Processing by CatsController#show as HTML
  Parameters: {"id"=>"1"}
  [1m[36mCat Load (0.3ms)[0m  [1m[34mSELECT  "cats".* FROM "cats" WHERE "cats"."id" = $1 LIMIT $2[0m  [["id", 1], ["LIMIT", 1]]
  ↳ app/controllers/cats_controller.rb:11
  Rendering cats/show.html.erb within layouts/application
  Rendered cats/show.html.erb within layouts/application (1.7ms)
Completed 200 OK in 22ms (Views: 18.2ms | ActiveRecord: 0.3ms)


Started GET "/cats/" for ::1 at 2022-07-01 16:32:50 -0400
Processing by CatsController#index as HTML
  Rendering cats/index.html.erb within layouts/application
  [1m[36mCat Load (0.4ms)[0m  [1m[34mSELECT "cats".* FROM "cats"[0m
  ↳ app/views/cats/index.html.erb:5
  Rendered cats/_cat_index_item.html.erb (1.0ms)
  Rendered cats/_cat_index_item.html.erb (0.2ms)
  Rendered cats/index.html.erb within layouts/application (10.0ms)
Completed 200 OK in 23ms (Views: 21.9ms | ActiveRecord: 0.4ms)


Started GET "/cats/new" for ::1 at 2022-07-01 16:40:24 -0400
Processing by CatsController#new as HTML
  Rendering cats/new.html.erb within layouts/application
  Rendered cats/new.html.erb within layouts/application (0.5ms)
Completed 200 OK in 8ms (Views: 6.3ms | ActiveRecord: 0.0ms)


Started GET "/cats/new" for ::1 at 2022-07-01 16:53:54 -0400
Processing by CatsController#new as HTML
  Rendering cats/new.html.erb within layouts/application
  Rendered cats/new.html.erb within layouts/application (0.6ms)
Completed 200 OK in 8ms (Views: 7.0ms | ActiveRecord: 0.0ms)


Started GET "/cats/new" for ::1 at 2022-07-01 16:53:56 -0400
Processing by CatsController#new as HTML
  Rendering cats/new.html.erb within layouts/application
  Rendered cats/new.html.erb within layouts/application (1.2ms)
Completed 200 OK in 16ms (Views: 15.5ms | ActiveRecord: 0.0ms)


Started GET "/cats/new" for ::1 at 2022-07-01 16:55:59 -0400
Processing by CatsController#new as HTML
  Rendering cats/new.html.erb within layouts/application
  Rendered cats/new.html.erb within layouts/application (1.2ms)
Completed 200 OK in 17ms (Views: 15.8ms | ActiveRecord: 0.0ms)


Started POST "/cats/new" for ::1 at 2022-07-01 16:56:00 -0400
  
ActionController::RoutingError (No route matches [POST] "/cats/new"):
  
actionpack (5.2.8) lib/action_dispatch/middleware/debug_exceptions.rb:65:in `call'
web-console (3.7.0) lib/web_console/middleware.rb:135:in `call_app'
web-console (3.7.0) lib/web_console/middleware.rb:30:in `block in call'
web-console (3.7.0) lib/web_console/middleware.rb:20:in `catch'
web-console (3.7.0) lib/web_console/middleware.rb:20:in `call'
actionpack (5.2.8) lib/action_dispatch/middleware/show_exceptions.rb:33:in `call'
railties (5.2.8) lib/rails/rack/logger.rb:38:in `call_app'
railties (5.2.8) lib/rails/rack/logger.rb:26:in `block in call'
activesupport (5.2.8) lib/active_support/tagged_logging.rb:71:in `block in tagged'
activesupport (5.2.8) lib/active_support/tagged_logging.rb:28:in `tagged'
activesupport (5.2.8) lib/active_support/tagged_logging.rb:71:in `tagged'
railties (5.2.8) lib/rails/rack/logger.rb:26:in `call'
sprockets-rails (3.4.2) lib/sprockets/rails/quiet_assets.rb:13:in `call'
actionpack (5.2.8) lib/action_dispatch/middleware/remote_ip.rb:81:in `call'
actionpack (5.2.8) lib/action_dispatch/middleware/request_id.rb:27:in `call'
rack (2.2.4) lib/rack/method_override.rb:24:in `call'
rack (2.2.4) lib/rack/runtime.rb:22:in `call'
activesupport (5.2.8) lib/active_support/cache/strategy/local_cache_middleware.rb:29:in `call'
actionpack (5.2.8) lib/action_dispatch/middleware/executor.rb:14:in `call'
actionpack (5.2.8) lib/action_dispatch/middleware/static.rb:127:in `call'
rack (2.2.4) lib/rack/sendfile.rb:110:in `call'
railties (5.2.8) lib/rails/engine.rb:524:in `call'
puma (3.12.6) lib/puma/configuration.rb:227:in `call'
puma (3.12.6) lib/puma/server.rb:706:in `handle_request'
puma (3.12.6) lib/puma/server.rb:476:in `process_client'
puma (3.12.6) lib/puma/server.rb:334:in `block in run'
puma (3.12.6) lib/puma/thread_pool.rb:135:in `block in spawn_thread'
Started GET "/cats/new" for ::1 at 2022-07-01 16:58:42 -0400
Processing by CatsController#new as HTML
  Rendering cats/new.html.erb within layouts/application
  Rendered cats/new.html.erb within layouts/application (1.3ms)
Completed 200 OK in 21ms (Views: 19.2ms | ActiveRecord: 0.0ms)


Started GET "/cats/new" for ::1 at 2022-07-01 16:58:43 -0400
Processing by CatsController#new as HTML
  Rendering cats/new.html.erb within layouts/application
  Rendered cats/new.html.erb within layouts/application (0.9ms)
Completed 200 OK in 16ms (Views: 14.9ms | ActiveRecord: 0.0ms)


Started POST "/cats" for ::1 at 2022-07-01 16:58:56 -0400
Processing by CatsController#create as HTML
  Parameters: {"cat"=>{"name"=>"Felix", "sex"=>"M", "color"=>"white", "birth_date"=>"2022-06-27", "description"=>"He is cute"}, "button-1656708888562"=>"create cat"}
  [1m[35m (0.1ms)[0m  [1m[35mBEGIN[0m
  ↳ app/controllers/cats_controller.rb:24
  [1m[36mCat Create (1.0ms)[0m  [1m[32mINSERT INTO "cats" ("birth_date", "color", "name", "sex", "description", "created_at", "updated_at") VALUES ($1, $2, $3, $4, $5, $6, $7) RETURNING "id"[0m  [["birth_date", "2022-06-27"], ["color", "white"], ["name", "Felix"], ["sex", "M"], ["description", "He is cute"], ["created_at", "2022-07-01 20:58:56.373060"], ["updated_at", "2022-07-01 20:58:56.373060"]]
  ↳ app/controllers/cats_controller.rb:24
  [1m[35m (0.7ms)[0m  [1m[35mCOMMIT[0m
  ↳ app/controllers/cats_controller.rb:24
Completed 500 Internal Server Error in 139ms (ActiveRecord: 10.0ms)



NoMethodError - undefined method `to' for #<CatsController:0x0000000105073ae0>
Did you mean?  t:
  app/controllers/cats_controller.rb:25:in `create'

Started POST "/__better_errors/763e693cc9d6ed36/variables" for ::1 at 2022-07-01 16:58:56 -0400
Started POST "/cats" for ::1 at 2022-07-01 16:59:52 -0400
Processing by CatsController#create as HTML
  Parameters: {"cat"=>{"name"=>"Felix", "sex"=>"M", "color"=>"white", "birth_date"=>"2022-06-27", "description"=>"He is cute"}, "button-1656708888562"=>"create cat"}
  [1m[35m (0.1ms)[0m  [1m[35mBEGIN[0m
  ↳ app/controllers/cats_controller.rb:24
  [1m[36mCat Create (0.3ms)[0m  [1m[32mINSERT INTO "cats" ("birth_date", "color", "name", "sex", "description", "created_at", "updated_at") VALUES ($1, $2, $3, $4, $5, $6, $7) RETURNING "id"[0m  [["birth_date", "2022-06-27"], ["color", "white"], ["name", "Felix"], ["sex", "M"], ["description", "He is cute"], ["created_at", "2022-07-01 20:59:52.798301"], ["updated_at", "2022-07-01 20:59:52.798301"]]
  ↳ app/controllers/cats_controller.rb:24
  [1m[35m (0.4ms)[0m  [1m[35mCOMMIT[0m
  ↳ app/controllers/cats_controller.rb:24
Redirected to http://localhost:3000/cats/4
Completed 302 Found in 16ms (ActiveRecord: 4.6ms)


Started GET "/cats/4" for ::1 at 2022-07-01 16:59:52 -0400
Processing by CatsController#show as HTML
  Parameters: {"id"=>"4"}
  [1m[36mCat Load (0.3ms)[0m  [1m[34mSELECT  "cats".* FROM "cats" WHERE "cats"."id" = $1 LIMIT $2[0m  [["id", 4], ["LIMIT", 1]]
  ↳ app/controllers/cats_controller.rb:16
  Rendering cats/show.html.erb within layouts/application
  Rendered cats/show.html.erb within layouts/application (0.6ms)
Completed 200 OK in 9ms (Views: 6.7ms | ActiveRecord: 0.4ms)


Started GET "/cats/" for ::1 at 2022-07-01 17:00:02 -0400
Processing by CatsController#index as HTML
  Rendering cats/index.html.erb within layouts/application
  [1m[36mCat Load (0.5ms)[0m  [1m[34mSELECT "cats".* FROM "cats"[0m
  ↳ app/views/cats/index.html.erb:5
  Rendered cats/_cat_index_item.html.erb (1.1ms)
  Rendered cats/_cat_index_item.html.erb (0.2ms)
  Rendered cats/_cat_index_item.html.erb (0.1ms)
  Rendered cats/_cat_index_item.html.erb (0.1ms)
  Rendered cats/index.html.erb within layouts/application (16.0ms)
Completed 200 OK in 27ms (Views: 25.0ms | ActiveRecord: 0.5ms)


Started GET "/cats/3" for ::1 at 2022-07-01 17:00:07 -0400
Processing by CatsController#show as HTML
  Parameters: {"id"=>"3"}
  [1m[36mCat Load (0.4ms)[0m  [1m[34mSELECT  "cats".* FROM "cats" WHERE "cats"."id" = $1 LIMIT $2[0m  [["id", 3], ["LIMIT", 1]]
  ↳ app/controllers/cats_controller.rb:16
  Rendering cats/show.html.erb within layouts/application
  Rendered cats/show.html.erb within layouts/application (1.3ms)
Completed 200 OK in 18ms (Views: 14.8ms | ActiveRecord: 0.4ms)


Started GET "/cats/4" for ::1 at 2022-07-01 17:00:12 -0400
Processing by CatsController#show as HTML
  Parameters: {"id"=>"4"}
  [1m[36mCat Load (0.4ms)[0m  [1m[34mSELECT  "cats".* FROM "cats" WHERE "cats"."id" = $1 LIMIT $2[0m  [["id", 4], ["LIMIT", 1]]
  ↳ app/controllers/cats_controller.rb:16
  Rendering cats/show.html.erb within layouts/application
  Rendered cats/show.html.erb within layouts/application (1.7ms)
Completed 200 OK in 20ms (Views: 17.4ms | ActiveRecord: 0.4ms)


Started GET "/cats/3" for ::1 at 2022-07-01 17:00:15 -0400
Processing by CatsController#show as HTML
  Parameters: {"id"=>"3"}
  [1m[36mCat Load (0.5ms)[0m  [1m[34mSELECT  "cats".* FROM "cats" WHERE "cats"."id" = $1 LIMIT $2[0m  [["id", 3], ["LIMIT", 1]]
  ↳ app/controllers/cats_controller.rb:16
  Rendering cats/show.html.erb within layouts/application
  Rendered cats/show.html.erb within layouts/application (1.2ms)
Completed 200 OK in 19ms (Views: 15.5ms | ActiveRecord: 0.5ms)


